<?xml version="1.0" encoding="UTF-8"?>
<!-- Generated by org.testng.reporters.JUnitReportReporter -->
<testsuite hostname="MATMITLT1208" failures="0" tests="1" name="sheppey_pride.PageLoad" time="30.140" errors="0" timestamp="12 Jul 2018 09:10:22 GMT" skipped="0">
  <testcase classname="sheppey_pride.PageLoad" name="PageLoad" time="30.140"/>
</testsuite> <!-- sheppey_pride.PageLoad -->
