<?xml version="1.0" encoding="UTF-8"?>
<!-- Generated by org.testng.reporters.JUnitReportReporter -->
<testsuite hostname="MATMITLT1208" failures="0" tests="1" name="CEF.PageLoad" time="19.102" errors="0" timestamp="19 Jun 2018 16:14:46 GMT" skipped="0">
  <testcase classname="CEF.PageLoad" name="PageLoad" time="19.102"/>
</testsuite> <!-- CEF.PageLoad -->
