<?xml version="1.0" encoding="UTF-8"?>
<!-- Generated by org.testng.reporters.JUnitReportReporter -->
<testsuite hostname="MATMITLT1208" failures="0" tests="1" name="Cfeconcept.NewTest" time="14.158" errors="0" timestamp="22 Nov 2018 15:06:26 GMT" skipped="0">
  <testcase classname="Cfeconcept.NewTest" name="BlackRifleNavigation" time="14.158"/>
</testsuite> <!-- Cfeconcept.NewTest -->
