<?xml version="1.0" encoding="UTF-8"?>
<!-- Generated by org.testng.reporters.JUnitReportReporter -->
<testsuite hostname="MATMITLT1208" failures="0" tests="1" name="exampleJavaScenarios.BlackRifleNav_TESTNG" time="25.698" errors="0" timestamp="22 Nov 2018 14:09:50 GMT" skipped="0">
  <testcase classname="exampleJavaScenarios.BlackRifleNav_TESTNG" name="BlackRifleNavigation" time="25.698"/>
</testsuite> <!-- exampleJavaScenarios.BlackRifleNav_TESTNG -->
