<?xml version="1.0" encoding="UTF-8"?>
<!-- Generated by org.testng.reporters.JUnitReportReporter -->
<testsuite hostname="MATMITLT1208" failures="0" tests="1" name="CEF.ToolStorage" time="22.217" errors="0" timestamp="26 Jun 2018 15:59:28 GMT" skipped="0">
  <testcase classname="CEF.ToolStorage" name="ToolStorage" time="22.217"/>
</testsuite> <!-- CEF.ToolStorage -->
