<?xml version="1.0" encoding="UTF-8"?>
<!-- Generated by org.testng.reporters.JUnitReportReporter -->
<testsuite hostname="MATMITLT1208" failures="0" tests="1" name="exampleJavaScenarios.BlackRifleNav_TESTNG" time="43.153" errors="0" timestamp="15 Jun 2018 14:06:40 GMT" skipped="0">
  <testcase classname="exampleJavaScenarios.BlackRifleNav_TESTNG" name="BlackRifleNavigation" time="43.153"/>
</testsuite> <!-- exampleJavaScenarios.BlackRifleNav_TESTNG -->
