<?xml version="1.0" encoding="UTF-8"?>
<!-- Generated by org.testng.reporters.JUnitReportReporter -->
<testsuite hostname="MATMITLT1208" failures="0" tests="1" name="Cfeconcept.LoginFrontOffice" time="7.275" errors="0" timestamp="29 Nov 2018 10:05:02 GMT" skipped="0">
  <testcase classname="Cfeconcept.LoginFrontOffice" name="BlackRifleNavigation" time="7.275"/>
</testsuite> <!-- Cfeconcept.LoginFrontOffice -->
