<?xml version="1.0" encoding="UTF-8"?>
<!-- Generated by org.testng.reporters.JUnitReportReporter -->
<testsuite hostname="MATMITLT1208" failures="0" tests="1" name="executionEngine.FirstTestNGFile" time="12.180" errors="0" timestamp="24 May 2018 14:28:00 GMT" skipped="0">
  <testcase classname="executionEngine.FirstTestNGFile" name="verifyHomepageTitle" time="12.180"/>
</testsuite> <!-- executionEngine.FirstTestNGFile -->
