<?xml version="1.0" encoding="UTF-8"?>
<!-- Generated by org.testng.reporters.JUnitReportReporter -->
<testsuite hostname="MATMITLT1208" failures="0" tests="1" name="executionEngine.FirstTestNGFile" time="18.625" errors="0" timestamp="31 May 2018 13:32:58 GMT" skipped="0">
  <testcase classname="executionEngine.FirstTestNGFile" name="verifyHomepageTitle" time="18.625"/>
</testsuite> <!-- executionEngine.FirstTestNGFile -->
