<?xml version="1.0" encoding="UTF-8"?>
<!-- Generated by org.testng.reporters.JUnitReportReporter -->
<testsuite hostname="MATMITLT1208" failures="0" tests="1" name="sheppey_pride.PageLoad" time="45.522" errors="0" timestamp="05 Jul 2018 14:15:39 GMT" skipped="0">
  <testcase classname="sheppey_pride.PageLoad" name="PageLoad" time="45.522"/>
</testsuite> <!-- sheppey_pride.PageLoad -->
