<?xml version="1.0" encoding="UTF-8"?>
<!-- Generated by org.testng.reporters.JUnitReportReporter -->
<testsuite hostname="MATMITLT1208" failures="0" tests="1" name="Cfeconcept.Login" time="5.910" errors="0" timestamp="29 Nov 2018 09:48:44 GMT" skipped="0">
  <testcase classname="Cfeconcept.Login" name="BlackRifleNavigation" time="5.910"/>
</testsuite> <!-- Cfeconcept.Login -->
